<?xml version="1.0" encoding="UTF-8"?>
<Site BuildName="Linux-x86_64-linux-gnu-g++-9"
	BuildStamp="20220411-1843-Experimental"
	Name="notebook-ludger"
	Generator="ctest-3.16.3"
	CompilerName="/bin/x86_64-linux-gnu-g++-9"
	CompilerVersion="9.4.0"
	OSName="Linux"
	Hostname="notebook-ludger"
	OSRelease="5.13.0-39-generic"
	OSVersion="#44~20.04.1-Ubuntu SMP Thu Mar 24 16:43:35 UTC 2022"
	OSPlatform="x86_64"
	Is64Bits="1"
	VendorString="GenuineIntel"
	VendorID="Intel Corporation"
	FamilyID="6"
	ModelID="140"
	ProcessorCacheSize="8192"
	NumberOfLogicalCPU="8"
	NumberOfPhysicalCPU="4"
	TotalVirtualMemory="2047"
	TotalPhysicalMemory="15801"
	LogicalProcessorsPerPhysical="2"
	ProcessorClockFrequency="2400"
	>
	<Testing>
		<StartDateTime>Apr 11 20:43 CEST</StartDateTime>
		<StartTestTime>1649702611</StartTestTime>
		<TestList>
			<Test>./test/MainTest</Test>
		</TestList>
		<Test Status="passed">
			<Name>MainTest</Name>
			<Path>./test</Path>
			<FullName>./test/MainTest</FullName>
			<FullCommandLine>/home/ludger/source/sda/build/test/MainTest</FullCommandLine>
			<Results>
				<NamedMeasurement type="numeric/double" name="Execution Time">
					<Value>0.00353086</Value>
				</NamedMeasurement>
				<NamedMeasurement type="numeric/double" name="Processors">
					<Value>1</Value>
				</NamedMeasurement>
				<NamedMeasurement type="text/string" name="Completion Status">
					<Value>Completed</Value>
				</NamedMeasurement>
				<NamedMeasurement type="text/string" name="Command Line">
					<Value>/home/ludger/source/sda/build/test/MainTest</Value>
				</NamedMeasurement>
				<Measurement>
					<Value>Running 1 test case...

[NON-XML-CHAR-0x1B][1;32;49m*** No errors detected
[NON-XML-CHAR-0x1B][0;39;49m
</Value>
				</Measurement>
			</Results>
		</Test>
		<EndDateTime>Apr 11 20:43 CEST</EndDateTime>
		<EndTestTime>1649702611</EndTestTime>
		<ElapsedMinutes>0</ElapsedMinutes>
	</Testing>
</Site>
